
> backend@1.0.0 start
> node server.js

[dotenv@17.3.1] injecting env (11) from .env -- tip: ⚡️ secrets for agents: https://dotenvx.com/as2
MySQL Connected: localhost:3306/urbangrid
Server running on port 5053
Environment: development
2026-04-19T19:45:40.359Z - POST /api/auth/register - IP: ::1
2026-04-19T19:45:40.666Z - POST /api/auth/register - IP: ::1
2026-04-19T19:45:40.950Z - POST /api/auth/login - IP: ::1
2026-04-19T19:45:41.229Z - POST /api/auth/login - IP: ::1
2026-04-19T19:45:41.461Z - POST /api/auth/login - IP: ::1
2026-04-19T19:45:41.740Z - POST /api/auth/login - IP: ::1
2026-04-19T19:45:42.030Z - POST /api/auth/login - IP: ::1
2026-04-19T19:45:42.261Z - POST /api/auth/login - IP: ::1
2026-04-19T19:45:42.543Z - POST /api/citizen/complaints - IP: ::1
info: [object Object] {"service":"urbangrid-audit","timestamp":"2026-04-19T19:45:42.558Z"}
2026-04-19T19:45:42.562Z - PATCH /api/admin/complaints/14/verify - IP: ::1
2026-04-19T19:45:42.583Z - POST /api/ministry/tenders - IP: ::1
2026-04-19T19:45:42.609Z - PATCH /api/ministry/tenders/5/publish - IP: ::1
2026-04-19T19:45:42.626Z - POST /api/contractor/tenders/5/bid - IP: ::1
2026-04-19T19:45:42.641Z - POST /api/ministry/tenders/5/bids/4/select - IP: ::1
2026-04-19T19:45:42.663Z - GET /api/contractor/projects - IP: ::1
2026-04-19T19:45:42.675Z - POST /api/contractor/projects/4/progress - IP: ::1
2026-04-19T19:45:42.704Z - GET /api/projects/4/progress - IP: ::1
2026-04-19T19:45:42.709Z - GET /api/approvals/pending - IP: ::1
2026-04-19T19:45:42.714Z - GET /api/approvals/history - IP: ::1
